16:50:06.177 detox[9234] B node_modules/detox/local-cli/cli.js test -c android.emu.debug -C /Users/joe/p2e/app-monorepo/packages/app/detox.config.js --record-logs all
  data: {
    "id": "064e52c9-ce97-648f-d20b-830898c9c5d6",
    "detoxConfig": {
      "configurationName": "android.emu.debug",
      "apps": {
        "default": {
          "type": "android.apk",
          "build": "cd android && ./gradlew :app:assembleDebug :app:assembleAndroidTest -DtestBuildType=debug && cd ..",
          "testBinaryPath": "android/app/build/outputs/apk/androidTest/direct/debug/app-direct-debug-androidTest.apk",
          "binaryPath": "android/app/build/outputs/apk/direct/debug/app-direct-debug.apk"
        }
      },
      "artifacts": {
        "rootDir": "artifacts/android.emu.debug.2023-09-22 08-50-06Z",
        "plugins": {
          "log": {
            "enabled": true,
            "keepOnlyFailedTestsArtifacts": false
          },
          "screenshot": {
            "enabled": true,
            "shouldTakeAutomaticSnapshots": false,
            "keepOnlyFailedTestsArtifacts": false
          },
          "video": {
            "enabled": false,
            "keepOnlyFailedTestsArtifacts": false
          },
          "instruments": {
            "enabled": false,
            "keepOnlyFailedTestsArtifacts": false
          },
          "uiHierarchy": {
            "enabled": false,
            "keepOnlyFailedTestsArtifacts": false
          }
        }
      },
      "behavior": {
        "init": {
          "keepLockFile": false,
          "reinstallApp": true,
          "exposeGlobals": true
        },
        "cleanup": {
          "shutdownDevice": false
        },
        "launchApp": "auto"
      },
      "cli": {
        "recordLogs": "all",
        "configPath": "/Users/joe/p2e/app-monorepo/packages/app/detox.config.js",
        "configuration": "android.emu.debug",
        "start": true
      },
      "device": {
        "type": "android.emulator",
        "device": {
          "avdName": "Pixel_3a_API_29"
        }
      },
      "logger": {
        "level": "info",
        "overrideConsole": true,
        "options": {
          "showLoggerName": true,
          "showPid": true,
          "showLevel": false,
          "showMetadata": false,
          "basepath": "/Users/joe/p2e/app-monorepo/packages/app/node_modules/detox/src",
          "prefixers": {},
          "stringifiers": {}
        }
      },
      "testRunner": {
        "retries": 0,
        "forwardEnv": false,
        "bail": false,
        "jest": {
          "setupTimeout": 300000,
          "teardownTimeout": 30000,
          "retryAfterCircusRetries": false,
          "reportWorkerAssign": true
        },
        "args": {
          "$0": "yarn dlx jest",
          "_": [
            "/Users/joe/p2e/app-monorepo/packages/app/e2e"
          ],
          "config": "/Users/joe/p2e/app-monorepo/packages/app/e2e/jest.config.js",
          "--": []
        }
      },
      "session": {
        "autoStart": true,
        "debugSynchronization": 10000
      }
    },
    "detoxIPCServer": "primary-9234",
    "testResults": [],
    "testSessionIndex": 0,
    "workersCount": 0
  }
16:50:06.186 detox[9234] i Server path not specified, so defaulting to ipc.config.socketRoot + ipc.config.appspace + ipc.config.id /tmp/detox.primary-9234
16:50:06.186 detox[9234] i starting server on  /tmp/detox.primary-9234 
16:50:06.186 detox[9234] i starting TLS server false
16:50:06.187 detox[9234] i starting server as Unix || Windows Socket
16:50:06.191 detox[9234] i Detox server listening on localhost:52593...
16:50:06.193 detox[9234] i Serialized the session state at: /private/var/folders/lz/tqh25x1x7xg561858y_kk3900000gn/T/064e52c9-ce97-648f-d20b-830898c9c5d6.detox.json
16:50:06.195 detox[9234] B yarn dlx jest --config /Users/joe/p2e/app-monorepo/packages/app/e2e/jest.config.js /Users/joe/p2e/app-monorepo/packages/app/e2e
16:50:14.288 detox[9234] E Command failed with exit code = 1:
yarn dlx jest --config /Users/joe/p2e/app-monorepo/packages/app/e2e/jest.config.js /Users/joe/p2e/app-monorepo/packages/app/e2e
16:50:14.289 detox[9234] i Detox server has been closed gracefully
16:50:14.290 detox[9234] E node_modules/detox/local-cli/cli.js test -c android.emu.debug -C /Users/joe/p2e/app-monorepo/packages/app/detox.config.js --record-logs all
